#-----------------------------------------------------------
# Vivado v2020.2 (64-bit)
# SW Build 3064766 on Wed Nov 18 09:12:45 MST 2020
# IP Build 3064653 on Wed Nov 18 14:17:31 MST 2020
# Start of session at: Thu Mar 19 21:17:17 2026
# Process ID: 38184
# Current directory: C:/Users/mkxue/Desktop/Lab1-2/Automaton
# Command line: vivado.exe -gui_launcher_event rodinguilauncherevent37224 C:\Users\mkxue\Desktop\Lab1-2\Automaton\Automaton.xpr
# Log file: C:/Users/mkxue/Desktop/Lab1-2/Automaton/vivado.log
# Journal file: C:/Users/mkxue/Desktop/Lab1-2/Automaton\vivado.jou
#-----------------------------------------------------------
start_gui
open_project C:/Users/mkxue/Desktop/Lab1-2/Automaton/Automaton.xpr
INFO: [Project 1-313] Project file moved from 'C:/Users/24293/OneDrive/燎싱/셕炬샙莉냥覩잿/Lab1-2/Automaton' since last save.
Scanning sources...
Finished scanning sources
INFO: [Project 1-230] Project 'Automaton.xpr' upgraded for this version of Vivado.
INFO: [IP_Flow 19-234] Refreshing IP repositories
INFO: [IP_Flow 19-1704] No user IP repositories specified
INFO: [IP_Flow 19-2313] Loaded Vivado IP repository 'D:/Xilinx/Vivado/2020.2/data/ip'.
update_compile_order -fileset sources_1
exit
INFO: [Common 17-206] Exiting Vivado at Thu Mar 19 21:58:09 2026...
