#-----------------------------------------------------------
# Vivado v2020.2 (64-bit)
# SW Build 3064766 on Wed Nov 18 09:12:45 MST 2020
# IP Build 3064653 on Wed Nov 18 14:17:31 MST 2020
# Start of session at: Thu Mar  5 16:25:33 2026
# Process ID: 2524
# Current directory: C:/Users/mkxue/Desktop/вбаоИФ/Lab1-1/ALU_4bit
# Command line: vivado.exe -gui_launcher_event rodinguilauncherevent5860 C:\Users\mkxue\Desktop\вбаоИФ\Lab1-1\ALU_4bit\ALU_4bit.xpr
# Log file: C:/Users/mkxue/Desktop/вбаоИФ/Lab1-1/ALU_4bit/vivado.log
# Journal file: C:/Users/mkxue/Desktop/вбаоИФ/Lab1-1/ALU_4bit\vivado.jou
#-----------------------------------------------------------
start_gui
open_project C:/Users/mkxue/Desktop/вбаоИФ/Lab1-1/ALU_4bit/ALU_4bit.xpr
INFO: [Project 1-313] Project file moved from 'C:/Users/24293/OneDrive/жњНЬ/МЦЫуЛњзщГЩд­Рэ/Lab1-1/ALU_4bit' since last save.
Scanning sources...
Finished scanning sources
INFO: [Project 1-230] Project 'ALU_4bit.xpr' upgraded for this version of Vivado.
INFO: [IP_Flow 19-234] Refreshing IP repositories
INFO: [IP_Flow 19-1704] No user IP repositories specified
INFO: [IP_Flow 19-2313] Loaded Vivado IP repository 'D:/Xilinx/Vivado/2020.2/data/ip'.
open_project: Time (s): cpu = 00:00:08 ; elapsed = 00:00:06 . Memory (MB): peak = 1081.070 ; gain = 0.000
update_compile_order -fileset sources_1
exit
INFO: [Common 17-206] Exiting Vivado at Thu Mar  5 16:26:35 2026...
