#-----------------------------------------------------------
# Vivado v2020.2 (64-bit)
# SW Build 3064766 on Wed Nov 18 09:12:45 MST 2020
# IP Build 3064653 on Wed Nov 18 14:17:31 MST 2020
# Start of session at: Thu Mar  5 16:57:26 2026
# Process ID: 14976
# Current directory: C:/Users/mkxue/Desktop/“—–řłń/Lab1-1/ALU_4bit
# Command line: vivado.exe -gui_launcher_event rodinguilauncherevent7816 C:\Users\mkxue\Desktop\“—–řłń\Lab1-1\ALU_4bit\ALU_4bit.xpr
# Log file: C:/Users/mkxue/Desktop/“—–řłń/Lab1-1/ALU_4bit/vivado.log
# Journal file: C:/Users/mkxue/Desktop/“—–řłń/Lab1-1/ALU_4bit\vivado.jou
#-----------------------------------------------------------
start_gui
open_project C:/Users/mkxue/Desktop/“—–řłń/Lab1-1/ALU_4bit/ALU_4bit.xpr
Scanning sources...
Finished scanning sources
INFO: [IP_Flow 19-234] Refreshing IP repositories
INFO: [IP_Flow 19-1704] No user IP repositories specified
INFO: [IP_Flow 19-2313] Loaded Vivado IP repository 'D:/Xilinx/Vivado/2020.2/data/ip'.
open_project: Time (s): cpu = 00:00:08 ; elapsed = 00:00:05 . Memory (MB): peak = 1079.875 ; gain = 0.000
update_compile_order -fileset sources_1
exit
INFO: [Common 17-206] Exiting Vivado at Thu Mar  5 17:08:56 2026...
