#-----------------------------------------------------------
# Vivado v2020.2 (64-bit)
# SW Build 3064766 on Wed Nov 18 09:12:45 MST 2020
# IP Build 3064653 on Wed Nov 18 14:17:31 MST 2020
# Start of session at: Tue Apr  7 14:04:38 2026
# Process ID: 24096
# Current directory: D:/dev/FDU-2026spring/CS-2026spring/24300120183_麻珨茂_lab1-4/ALU_Seq_Project
# Command line: vivado.exe -gui_launcher_event rodinguilauncherevent35748 D:\dev\FDU-2026spring\CS-2026spring\24300120183_麻珨茂_lab1-4\ALU_Seq_Project\ALU_Seq_Project.xpr
# Log file: D:/dev/FDU-2026spring/CS-2026spring/24300120183_麻珨茂_lab1-4/ALU_Seq_Project/vivado.log
# Journal file: D:/dev/FDU-2026spring/CS-2026spring/24300120183_麻珨茂_lab1-4/ALU_Seq_Project\vivado.jou
#-----------------------------------------------------------
start_gui
open_project D:/dev/FDU-2026spring/CS-2026spring/24300120183_麻珨茂_lab1-4/ALU_Seq_Project/ALU_Seq_Project.xpr
WARNING: [filemgmt 56-3] Default IP Output Path : Could not find the directory 'D:/dev/FDU-2026spring/CS-2026spring/24300120183_麻珨茂_lab1-4/ALU_Seq_Project/ALU_Seq_Project.gen/sources_1'.
Scanning sources...
Finished scanning sources
INFO: [IP_Flow 19-234] Refreshing IP repositories
INFO: [IP_Flow 19-1704] No user IP repositories specified
INFO: [IP_Flow 19-2313] Loaded Vivado IP repository 'D:/Xilinx/Vivado/2020.2/data/ip'.
update_compile_order -fileset sources_1
launch_simulation
Command: launch_simulation 
INFO: [Vivado 12-5682] Launching behavioral simulation in 'D:/dev/FDU-2026spring/CS-2026spring/24300120183_麻珨茂_lab1-4/ALU_Seq_Project/ALU_Seq_Project.sim/sim_1/behav/xsim'
INFO: [SIM-utils-51] Simulation object is 'sim_1'
INFO: [SIM-utils-54] Inspecting design source files for 'ALU_Seq_tb' in fileset 'sim_1'...
INFO: [USF-XSim-97] Finding global include files...
INFO: [USF-XSim-98] Fetching design files from 'sim_1'...
INFO: [USF-XSim-2] XSim::Compile design
INFO: [USF-XSim-61] Executing 'COMPILE and ANALYZE' step in 'D:/dev/FDU-2026spring/CS-2026spring/24300120183_麻珨茂_lab1-4/ALU_Seq_Project/ALU_Seq_Project.sim/sim_1/behav/xsim'
"xvlog --incr --relax -prj ALU_Seq_tb_vlog.prj"
INFO: [USF-XSim-69] 'compile' step finished in '2' seconds
INFO: [USF-XSim-3] XSim::Elaborate design
INFO: [USF-XSim-61] Executing 'ELABORATE' step in 'D:/dev/FDU-2026spring/CS-2026spring/24300120183_麻珨茂_lab1-4/ALU_Seq_Project/ALU_Seq_Project.sim/sim_1/behav/xsim'
"xelab -wto 4c638bd834dd46a6b79a0182e4b15adc --incr --debug typical --relax --mt 2 -L xil_defaultlib -L unisims_ver -L unimacro_ver -L secureip --snapshot ALU_Seq_tb_behav xil_defaultlib.ALU_Seq_tb xil_defaultlib.glbl -log elaborate.log"
Vivado Simulator 2020.2
Copyright 1986-1999, 2001-2020 Xilinx, Inc. All Rights Reserved.
Running: D:/Xilinx/Vivado/2020.2/bin/unwrapped/win64.o/xelab.exe -wto 4c638bd834dd46a6b79a0182e4b15adc --incr --debug typical --relax --mt 2 -L xil_defaultlib -L unisims_ver -L unimacro_ver -L secureip --snapshot ALU_Seq_tb_behav xil_defaultlib.ALU_Seq_tb xil_defaultlib.glbl -log elaborate.log 
Using 2 slave threads.
Starting static elaboration
Pass Through NonSizing Optimizer
Completed static elaboration
INFO: [XSIM 43-4323] No Change in HDL. Linking previously generated obj files to create kernel
INFO: [USF-XSim-69] 'elaborate' step finished in '3' seconds
INFO: [USF-XSim-4] XSim::Simulate design
INFO: [USF-XSim-61] Executing 'SIMULATE' step in 'D:/dev/FDU-2026spring/CS-2026spring/24300120183_麻珨茂_lab1-4/ALU_Seq_Project/ALU_Seq_Project.sim/sim_1/behav/xsim'
INFO: [USF-XSim-98] *** Running xsim
   with args "ALU_Seq_tb_behav -key {Behavioral:sim_1:Functional:ALU_Seq_tb} -tclbatch {ALU_Seq_tb.tcl} -log {simulate.log}"
INFO: [USF-XSim-8] Loading simulator feature
Vivado Simulator 2020.2
Time resolution is 1 ps
source ALU_Seq_tb.tcl
# set curr_wave [current_wave_config]
# if { [string length $curr_wave] == 0 } {
#   if { [llength [get_objects]] > 0} {
#     add_wave /
#     set_property needs_save false [current_wave_config]
#   } else {
#      send_msg_id Add_Wave-1 WARNING "No top level signals found. Simulator will start without a wave window. If you want to open a wave window go to 'File->New Waveform Configuration' or type 'create_wave_config' in the TCL console."
#   }
# }
# run 1000ns
Test 1: 5 + 3 =          8, cout = 0
Test 2: FFFFFFFF + 1 = 00000000, cout = 1
Test 3: 5 - 3 =          2, cout = 0
Test 4: 3 - 5 = fffffffe, cout = 1
Test 5: 5 * 3 =         15, cout = 0
Test 6: 5 & 3 =          1, cout = 0
Test 7: 5 | 3 =          7, cout = 0
Test 8: 5 ^ 3 =          6, cout = 0
Test 9: ~5 = fffffffa, cout = 0
Test 10: 5 >> 1 =          2, cout = 0
$finish called at time : 210 ns : File "D:/dev/FDU-2026spring/CS-2026spring/24300120183_麻珨茂_lab1-4/ALU_Seq_tb.v" Line 83
INFO: [USF-XSim-96] XSim completed. Design snapshot 'ALU_Seq_tb_behav' loaded.
INFO: [USF-XSim-97] XSim simulation ran for 1000ns
launch_simulation: Time (s): cpu = 00:00:09 ; elapsed = 00:00:10 . Memory (MB): peak = 1020.477 ; gain = 0.000
current_wave_config {}
WARNING: [Wavedata 42-16] Error Unable to get wave configuration ''.
Untitled 1
add_wave {{/ALU_Seq_tb}} 
add_wave {{/ALU_Seq_tb/uut}} 
add_wave {{/ALU_Seq_tb}} 
close_sim
INFO: [Simtcl 6-16] Simulation closed
close_sim: Time (s): cpu = 00:00:01 ; elapsed = 00:00:06 . Memory (MB): peak = 1453.285 ; gain = 0.000
launch_simulation
Command: launch_simulation 
INFO: [Vivado 12-5682] Launching behavioral simulation in 'D:/dev/FDU-2026spring/CS-2026spring/24300120183_麻珨茂_lab1-4/ALU_Seq_Project/ALU_Seq_Project.sim/sim_1/behav/xsim'
INFO: [SIM-utils-51] Simulation object is 'sim_1'
INFO: [SIM-utils-54] Inspecting design source files for 'ALU_Seq_tb' in fileset 'sim_1'...
INFO: [USF-XSim-97] Finding global include files...
INFO: [USF-XSim-98] Fetching design files from 'sim_1'...
INFO: [USF-XSim-2] XSim::Compile design
INFO: [USF-XSim-61] Executing 'COMPILE and ANALYZE' step in 'D:/dev/FDU-2026spring/CS-2026spring/24300120183_麻珨茂_lab1-4/ALU_Seq_Project/ALU_Seq_Project.sim/sim_1/behav/xsim'
"xvlog --incr --relax -prj ALU_Seq_tb_vlog.prj"
INFO: [VRFC 10-2263] Analyzing Verilog file "D:/dev/FDU-2026spring/CS-2026spring/24300120183_麻珨茂_lab1-4/ALU_Seq.v" into library xil_defaultlib
INFO: [VRFC 10-311] analyzing module ALU_Seq
INFO: [VRFC 10-2263] Analyzing Verilog file "D:/dev/FDU-2026spring/CS-2026spring/24300120183_麻珨茂_lab1-4/ALU_Seq_tb.v" into library xil_defaultlib
INFO: [VRFC 10-311] analyzing module ALU_Seq_tb
INFO: [USF-XSim-69] 'compile' step finished in '2' seconds
INFO: [USF-XSim-3] XSim::Elaborate design
INFO: [USF-XSim-61] Executing 'ELABORATE' step in 'D:/dev/FDU-2026spring/CS-2026spring/24300120183_麻珨茂_lab1-4/ALU_Seq_Project/ALU_Seq_Project.sim/sim_1/behav/xsim'
"xelab -wto 4c638bd834dd46a6b79a0182e4b15adc --incr --debug typical --relax --mt 2 -L xil_defaultlib -L unisims_ver -L unimacro_ver -L secureip --snapshot ALU_Seq_tb_behav xil_defaultlib.ALU_Seq_tb xil_defaultlib.glbl -log elaborate.log"
Vivado Simulator 2020.2
Copyright 1986-1999, 2001-2020 Xilinx, Inc. All Rights Reserved.
Running: D:/Xilinx/Vivado/2020.2/bin/unwrapped/win64.o/xelab.exe -wto 4c638bd834dd46a6b79a0182e4b15adc --incr --debug typical --relax --mt 2 -L xil_defaultlib -L unisims_ver -L unimacro_ver -L secureip --snapshot ALU_Seq_tb_behav xil_defaultlib.ALU_Seq_tb xil_defaultlib.glbl -log elaborate.log 
Using 2 slave threads.
Starting static elaboration
Pass Through NonSizing Optimizer
Completed static elaboration
Starting simulation data flow analysis
Completed simulation data flow analysis
Time Resolution for simulation is 1ps
Compiling module xil_defaultlib.ALU_Seq
Compiling module xil_defaultlib.ALU_Seq_tb
Compiling module xil_defaultlib.glbl
Built simulation snapshot ALU_Seq_tb_behav

****** Webtalk v2020.2 (64-bit)
  **** SW Build 3064766 on Wed Nov 18 09:12:45 MST 2020
  **** IP Build 3064653 on Wed Nov 18 14:17:31 MST 2020
    ** Copyright 1986-2020 Xilinx, Inc. All Rights Reserved.

source D:/dev/FDU-2026spring/CS-2026spring/24300120183_麻珨茂_lab1-4/ALU_Seq_Project/ALU_Seq_Project.sim/sim_1/behav/xsim/xsim.dir/ALU_Seq_tb_behav/webtalk/xsim_webtalk.tcl -notrace
INFO: [Common 17-206] Exiting Webtalk at Tue Apr  7 14:18:25 2026...
run_program: Time (s): cpu = 00:00:01 ; elapsed = 00:00:06 . Memory (MB): peak = 1453.285 ; gain = 0.000
INFO: [USF-XSim-69] 'elaborate' step finished in '6' seconds
INFO: [USF-XSim-4] XSim::Simulate design
INFO: [USF-XSim-61] Executing 'SIMULATE' step in 'D:/dev/FDU-2026spring/CS-2026spring/24300120183_麻珨茂_lab1-4/ALU_Seq_Project/ALU_Seq_Project.sim/sim_1/behav/xsim'
INFO: [USF-XSim-98] *** Running xsim
   with args "ALU_Seq_tb_behav -key {Behavioral:sim_1:Functional:ALU_Seq_tb} -tclbatch {ALU_Seq_tb.tcl} -log {simulate.log}"
INFO: [USF-XSim-8] Loading simulator feature
Vivado Simulator 2020.2
Time resolution is 1 ps
source ALU_Seq_tb.tcl
# set curr_wave [current_wave_config]
# if { [string length $curr_wave] == 0 } {
#   if { [llength [get_objects]] > 0} {
#     add_wave /
#     set_property needs_save false [current_wave_config]
#   } else {
#      send_msg_id Add_Wave-1 WARNING "No top level signals found. Simulator will start without a wave window. If you want to open a wave window go to 'File->New Waveform Configuration' or type 'create_wave_config' in the TCL console."
#   }
# }
# run 1000ns
Test 1: 5 + 3 =          8, cout = 0
Test 2: FFFFFFFF + 1 = 00000000, cout = 1
Test 3: 5 - 3 =          2, cout = 0
Test 4: 3 - 5 = fffffffe, cout = 1
Test 5: 5 * 3 =         15, cout = 0
Test 6: 5 & 3 =          1, cout = 0
Test 7: 5 | 3 =          7, cout = 0
Test 8: 5 ^ 3 =          6, cout = 0
Test 9: ~5 = fffffffa, cout = 0
Test 10: 5 >> 1 =          2, cout = 0
$finish called at time : 210 ns : File "D:/dev/FDU-2026spring/CS-2026spring/24300120183_麻珨茂_lab1-4/ALU_Seq_tb.v" Line 83
INFO: [USF-XSim-96] XSim completed. Design snapshot 'ALU_Seq_tb_behav' loaded.
INFO: [USF-XSim-97] XSim simulation ran for 1000ns
launch_simulation: Time (s): cpu = 00:00:03 ; elapsed = 00:00:10 . Memory (MB): peak = 1453.285 ; gain = 0.000
close_sim
INFO: [Simtcl 6-16] Simulation closed
close_project
open_project D:/dev/FDU-2026spring/CS-2026spring/24300120183_麻珨茂_lab1-1/ALU_4bit/ALU_4bit.xpr
Scanning sources...
Finished scanning sources
INFO: [IP_Flow 19-234] Refreshing IP repositories
INFO: [IP_Flow 19-1704] No user IP repositories specified
INFO: [IP_Flow 19-2313] Loaded Vivado IP repository 'D:/Xilinx/Vivado/2020.2/data/ip'.
update_compile_order -fileset sources_1
launch_simulation
Command: launch_simulation 
INFO: [Vivado 12-5682] Launching behavioral simulation in 'D:/dev/FDU-2026spring/CS-2026spring/24300120183_麻珨茂_lab1-1/ALU_4bit/ALU_4bit.sim/sim_1/behav/xsim'
INFO: [SIM-utils-51] Simulation object is 'sim_1'
INFO: [SIM-utils-54] Inspecting design source files for 'test_add_sub' in fileset 'sim_1'...
INFO: [USF-XSim-97] Finding global include files...
INFO: [USF-XSim-98] Fetching design files from 'sim_1'...
INFO: [USF-XSim-2] XSim::Compile design
INFO: [USF-XSim-61] Executing 'COMPILE and ANALYZE' step in 'D:/dev/FDU-2026spring/CS-2026spring/24300120183_麻珨茂_lab1-1/ALU_4bit/ALU_4bit.sim/sim_1/behav/xsim'
"xvlog --incr --relax -prj test_add_sub_vlog.prj"
INFO: [VRFC 10-2263] Analyzing Verilog file "D:/dev/FDU-2026spring/CS-2026spring/24300120183_麻珨茂_lab1-1/ALU_4bit/ALU_4bit.srcs/sources_1/new/add_sub_4bit.v" into library xil_defaultlib
INFO: [VRFC 10-311] analyzing module add_sub_4bit
INFO: [VRFC 10-2263] Analyzing Verilog file "D:/dev/FDU-2026spring/CS-2026spring/24300120183_麻珨茂_lab1-1/ALU_4bit/ALU_4bit.srcs/sources_1/new/adder_1bit.v" into library xil_defaultlib
INFO: [VRFC 10-311] analyzing module adder_1bit
INFO: [VRFC 10-2263] Analyzing Verilog file "D:/dev/FDU-2026spring/CS-2026spring/24300120183_麻珨茂_lab1-1/ALU_4bit/ALU_4bit.srcs/sim_1/new/test_add_sub.v" into library xil_defaultlib
INFO: [VRFC 10-311] analyzing module test_add_sub
INFO: [USF-XSim-69] 'compile' step finished in '2' seconds
INFO: [USF-XSim-3] XSim::Elaborate design
INFO: [USF-XSim-61] Executing 'ELABORATE' step in 'D:/dev/FDU-2026spring/CS-2026spring/24300120183_麻珨茂_lab1-1/ALU_4bit/ALU_4bit.sim/sim_1/behav/xsim'
"xelab -wto 0d7e76587d76487cb4fed86bf01296cf --incr --debug typical --relax --mt 2 -L xil_defaultlib -L unisims_ver -L unimacro_ver -L secureip --snapshot test_add_sub_behav xil_defaultlib.test_add_sub xil_defaultlib.glbl -log elaborate.log"
Vivado Simulator 2020.2
Copyright 1986-1999, 2001-2020 Xilinx, Inc. All Rights Reserved.
Running: D:/Xilinx/Vivado/2020.2/bin/unwrapped/win64.o/xelab.exe -wto 0d7e76587d76487cb4fed86bf01296cf --incr --debug typical --relax --mt 2 -L xil_defaultlib -L unisims_ver -L unimacro_ver -L secureip --snapshot test_add_sub_behav xil_defaultlib.test_add_sub xil_defaultlib.glbl -log elaborate.log 
Using 2 slave threads.
Starting static elaboration
Pass Through NonSizing Optimizer
Completed static elaboration
Starting simulation data flow analysis
Completed simulation data flow analysis
Time Resolution for simulation is 1ps
Compiling module xil_defaultlib.adder_1bit
Compiling module xil_defaultlib.add_sub_4bit
Compiling module xil_defaultlib.test_add_sub
Compiling module xil_defaultlib.glbl
Built simulation snapshot test_add_sub_behav

****** Webtalk v2020.2 (64-bit)
  **** SW Build 3064766 on Wed Nov 18 09:12:45 MST 2020
  **** IP Build 3064653 on Wed Nov 18 14:17:31 MST 2020
    ** Copyright 1986-2020 Xilinx, Inc. All Rights Reserved.

source D:/dev/FDU-2026spring/CS-2026spring/24300120183_麻珨茂_lab1-1/ALU_4bit/ALU_4bit.sim/sim_1/behav/xsim/xsim.dir/test_add_sub_behav/webtalk/xsim_webtalk.tcl -notrace
INFO: [Common 17-206] Exiting Webtalk at Tue Apr  7 14:41:03 2026...
run_program: Time (s): cpu = 00:00:01 ; elapsed = 00:00:06 . Memory (MB): peak = 1453.285 ; gain = 0.000
INFO: [USF-XSim-69] 'elaborate' step finished in '6' seconds
INFO: [USF-XSim-4] XSim::Simulate design
INFO: [USF-XSim-61] Executing 'SIMULATE' step in 'D:/dev/FDU-2026spring/CS-2026spring/24300120183_麻珨茂_lab1-1/ALU_4bit/ALU_4bit.sim/sim_1/behav/xsim'
INFO: [USF-XSim-98] *** Running xsim
   with args "test_add_sub_behav -key {Behavioral:sim_1:Functional:test_add_sub} -tclbatch {test_add_sub.tcl} -log {simulate.log}"
INFO: [USF-XSim-8] Loading simulator feature
Vivado Simulator 2020.2
Time resolution is 1 ps
source test_add_sub.tcl
# set curr_wave [current_wave_config]
# if { [string length $curr_wave] == 0 } {
#   if { [llength [get_objects]] > 0} {
#     add_wave /
#     set_property needs_save false [current_wave_config]
#   } else {
#      send_msg_id Add_Wave-1 WARNING "No top level signals found. Simulator will start without a wave window. If you want to open a wave window go to 'File->New Waveform Configuration' or type 'create_wave_config' in the TCL console."
#   }
# }
# run 1000ns
Test 1 (Time:                40000):  5(0101) +  3(0011) =  8(1000), cout=0
Test 2 (Time:                60000):  5(0101) -  3(0011) =  2(0010), cout=1
=========================================
Test 3 (Time:               100000):  9(1001) +  7(0111) =  0 (0000), cout=1
Test 4 (Time:               120000): 14(1110) - 15(1111) = 15 (1111), cout=0
=========================================
Test 5 (Time:               160000): 4(0100) + 5(0101) =  9 (1001), overflow=1
Test 6 (Time:               180000): -5(1011) - 4(0100) =  7 (0111), overflow=1
INFO: [USF-XSim-96] XSim completed. Design snapshot 'test_add_sub_behav' loaded.
INFO: [USF-XSim-97] XSim simulation ran for 1000ns
launch_simulation: Time (s): cpu = 00:00:04 ; elapsed = 00:00:11 . Memory (MB): peak = 1453.285 ; gain = 0.000
close_sim
INFO: [Common 17-41] Interrupt caught. Command should exit soon.
INFO: [Simtcl 6-16] Simulation closed
close_sim: Time (s): cpu = 00:00:01 ; elapsed = 00:00:05 . Memory (MB): peak = 1453.285 ; gain = 0.000
INFO: [Common 17-344] 'close_sim' was cancelled
launch_simulation
Command: launch_simulation 
INFO: [Vivado 12-5682] Launching behavioral simulation in 'D:/dev/FDU-2026spring/CS-2026spring/24300120183_麻珨茂_lab1-1/ALU_4bit/ALU_4bit.sim/sim_1/behav/xsim'
INFO: [SIM-utils-51] Simulation object is 'sim_1'
INFO: [SIM-utils-54] Inspecting design source files for 'test_add_sub' in fileset 'sim_1'...
INFO: [USF-XSim-97] Finding global include files...
INFO: [USF-XSim-98] Fetching design files from 'sim_1'...
INFO: [USF-XSim-2] XSim::Compile design
INFO: [USF-XSim-61] Executing 'COMPILE and ANALYZE' step in 'D:/dev/FDU-2026spring/CS-2026spring/24300120183_麻珨茂_lab1-1/ALU_4bit/ALU_4bit.sim/sim_1/behav/xsim'
"xvlog --incr --relax -prj test_add_sub_vlog.prj"
INFO: [VRFC 10-2263] Analyzing Verilog file "D:/dev/FDU-2026spring/CS-2026spring/24300120183_麻珨茂_lab1-1/ALU_4bit/ALU_4bit.srcs/sources_1/new/add_sub_4bit.v" into library xil_defaultlib
INFO: [VRFC 10-311] analyzing module add_sub_4bit
INFO: [VRFC 10-2263] Analyzing Verilog file "D:/dev/FDU-2026spring/CS-2026spring/24300120183_麻珨茂_lab1-1/ALU_4bit/ALU_4bit.srcs/sources_1/new/adder_1bit.v" into library xil_defaultlib
INFO: [VRFC 10-311] analyzing module adder_1bit
INFO: [VRFC 10-2263] Analyzing Verilog file "D:/dev/FDU-2026spring/CS-2026spring/24300120183_麻珨茂_lab1-1/ALU_4bit/ALU_4bit.srcs/sim_1/new/test_add_sub.v" into library xil_defaultlib
INFO: [VRFC 10-311] analyzing module test_add_sub
INFO: [USF-XSim-69] 'compile' step finished in '2' seconds
INFO: [USF-XSim-3] XSim::Elaborate design
INFO: [USF-XSim-61] Executing 'ELABORATE' step in 'D:/dev/FDU-2026spring/CS-2026spring/24300120183_麻珨茂_lab1-1/ALU_4bit/ALU_4bit.sim/sim_1/behav/xsim'
"xelab -wto 0d7e76587d76487cb4fed86bf01296cf --incr --debug typical --relax --mt 2 -L xil_defaultlib -L unisims_ver -L unimacro_ver -L secureip --snapshot test_add_sub_behav xil_defaultlib.test_add_sub xil_defaultlib.glbl -log elaborate.log"
INFO: [Common 17-41] Interrupt caught. Command should exit soon.
Vivado Simulator 2020.2
Copyright 1986-1999, 2001-2020 Xilinx, Inc. All Rights Reserved.
Running: D:/Xilinx/Vivado/2020.2/bin/unwrapped/win64.o/xelab.exe -wto 0d7e76587d76487cb4fed86bf01296cf --incr --debug typical --relax --mt 2 -L xil_defaultlib -L unisims_ver -L unimacro_ver -L secureip --snapshot test_add_sub_behav xil_defaultlib.test_add_sub xil_defaultlib.glbl -log elaborate.log 
Using 2 slave threads.
Starting static elaboration
Pass Through NonSizing Optimizer
Completed static elaboration
Starting simulation data flow analysis
Completed simulation data flow analysis
Time Resolution for simulation is 1ps
Compiling module xil_defaultlib.adder_1bit
Compiling module xil_defaultlib.add_sub_4bit
Compiling module xil_defaultlib.test_add_sub
Compiling module xil_defaultlib.glbl
Built simulation snapshot test_add_sub_behav
INFO: [Common 17-344] 'run_program' was cancelled
INFO: [Vivado 12-5357] 'elaborate' step aborted
INFO: [Common 17-344] 'launch_simulation' was cancelled
launch_simulation
Command: launch_simulation 
INFO: [Vivado 12-5682] Launching behavioral simulation in 'D:/dev/FDU-2026spring/CS-2026spring/24300120183_麻珨茂_lab1-1/ALU_4bit/ALU_4bit.sim/sim_1/behav/xsim'
INFO: [SIM-utils-51] Simulation object is 'sim_1'
INFO: [SIM-utils-54] Inspecting design source files for 'test_add_sub' in fileset 'sim_1'...
INFO: [USF-XSim-97] Finding global include files...
INFO: [USF-XSim-98] Fetching design files from 'sim_1'...
INFO: [USF-XSim-2] XSim::Compile design
INFO: [USF-XSim-61] Executing 'COMPILE and ANALYZE' step in 'D:/dev/FDU-2026spring/CS-2026spring/24300120183_麻珨茂_lab1-1/ALU_4bit/ALU_4bit.sim/sim_1/behav/xsim'
"xvlog --incr --relax -prj test_add_sub_vlog.prj"
INFO: [USF-XSim-69] 'compile' step finished in '1' seconds
INFO: [USF-XSim-3] XSim::Elaborate design
INFO: [USF-XSim-61] Executing 'ELABORATE' step in 'D:/dev/FDU-2026spring/CS-2026spring/24300120183_麻珨茂_lab1-1/ALU_4bit/ALU_4bit.sim/sim_1/behav/xsim'
"xelab -wto 0d7e76587d76487cb4fed86bf01296cf --incr --debug typical --relax --mt 2 -L xil_defaultlib -L unisims_ver -L unimacro_ver -L secureip --snapshot test_add_sub_behav xil_defaultlib.test_add_sub xil_defaultlib.glbl -log elaborate.log"
Vivado Simulator 2020.2
Copyright 1986-1999, 2001-2020 Xilinx, Inc. All Rights Reserved.
Running: D:/Xilinx/Vivado/2020.2/bin/unwrapped/win64.o/xelab.exe -wto 0d7e76587d76487cb4fed86bf01296cf --incr --debug typical --relax --mt 2 -L xil_defaultlib -L unisims_ver -L unimacro_ver -L secureip --snapshot test_add_sub_behav xil_defaultlib.test_add_sub xil_defaultlib.glbl -log elaborate.log 
Using 2 slave threads.
Starting static elaboration
Pass Through NonSizing Optimizer
Completed static elaboration
INFO: [XSIM 43-4323] No Change in HDL. Linking previously generated obj files to create kernel
INFO: [USF-XSim-69] 'elaborate' step finished in '2' seconds
INFO: [USF-XSim-4] XSim::Simulate design
INFO: [USF-XSim-61] Executing 'SIMULATE' step in 'D:/dev/FDU-2026spring/CS-2026spring/24300120183_麻珨茂_lab1-1/ALU_4bit/ALU_4bit.sim/sim_1/behav/xsim'
INFO: [USF-XSim-98] *** Running xsim
   with args "test_add_sub_behav -key {Behavioral:sim_1:Functional:test_add_sub} -tclbatch {test_add_sub.tcl} -log {simulate.log}"
INFO: [USF-XSim-8] Loading simulator feature
Vivado Simulator 2020.2
Time resolution is 1 ps
source test_add_sub.tcl
# set curr_wave [current_wave_config]
# if { [string length $curr_wave] == 0 } {
#   if { [llength [get_objects]] > 0} {
#     add_wave /
#     set_property needs_save false [current_wave_config]
#   } else {
#      send_msg_id Add_Wave-1 WARNING "No top level signals found. Simulator will start without a wave window. If you want to open a wave window go to 'File->New Waveform Configuration' or type 'create_wave_config' in the TCL console."
#   }
# }
# run 1000ns
Test 1:                   40(0101) +  5(0011) =  3(1000), cout=1000, overflow=01
Test 2:                   60(0101) +  5(0011) =  3(0010), cout=0010, overflow=10
=========================================
Test 3:                  100(1001) +  9(0111) =  7(0000), cout=0000, overflow=10
Test 4:                  120(1110) + 14(1111) = 15(1111), cout=1111, overflow=00
=========================================
Test 5:                  160(0100) +  4(0101) =  5(1001), cout=1001, overflow=01
Test 6: -5(0000000000000000000000000000000000000000000000000000000010110100) - 4(1011) =  4 (0111), cout=0111, overflow=11
xsim: Time (s): cpu = 00:00:05 ; elapsed = 00:00:06 . Memory (MB): peak = 1453.285 ; gain = 0.000
INFO: [USF-XSim-96] XSim completed. Design snapshot 'test_add_sub_behav' loaded.
INFO: [USF-XSim-97] XSim simulation ran for 1000ns
launch_simulation: Time (s): cpu = 00:00:06 ; elapsed = 00:00:10 . Memory (MB): peak = 1453.285 ; gain = 0.000
close_sim
INFO: [Simtcl 6-16] Simulation closed
launch_simulation
Command: launch_simulation 
INFO: [Vivado 12-5682] Launching behavioral simulation in 'D:/dev/FDU-2026spring/CS-2026spring/24300120183_麻珨茂_lab1-1/ALU_4bit/ALU_4bit.sim/sim_1/behav/xsim'
INFO: [SIM-utils-51] Simulation object is 'sim_1'
INFO: [SIM-utils-54] Inspecting design source files for 'test_add_sub' in fileset 'sim_1'...
INFO: [USF-XSim-97] Finding global include files...
INFO: [USF-XSim-98] Fetching design files from 'sim_1'...
INFO: [USF-XSim-2] XSim::Compile design
INFO: [USF-XSim-61] Executing 'COMPILE and ANALYZE' step in 'D:/dev/FDU-2026spring/CS-2026spring/24300120183_麻珨茂_lab1-1/ALU_4bit/ALU_4bit.sim/sim_1/behav/xsim'
"xvlog --incr --relax -prj test_add_sub_vlog.prj"
INFO: [VRFC 10-2263] Analyzing Verilog file "D:/dev/FDU-2026spring/CS-2026spring/24300120183_麻珨茂_lab1-1/ALU_4bit/ALU_4bit.srcs/sources_1/new/add_sub_4bit.v" into library xil_defaultlib
INFO: [VRFC 10-311] analyzing module add_sub_4bit
INFO: [VRFC 10-2263] Analyzing Verilog file "D:/dev/FDU-2026spring/CS-2026spring/24300120183_麻珨茂_lab1-1/ALU_4bit/ALU_4bit.srcs/sources_1/new/adder_1bit.v" into library xil_defaultlib
INFO: [VRFC 10-311] analyzing module adder_1bit
INFO: [VRFC 10-2263] Analyzing Verilog file "D:/dev/FDU-2026spring/CS-2026spring/24300120183_麻珨茂_lab1-1/ALU_4bit/ALU_4bit.srcs/sim_1/new/test_add_sub.v" into library xil_defaultlib
INFO: [VRFC 10-311] analyzing module test_add_sub
INFO: [USF-XSim-69] 'compile' step finished in '2' seconds
INFO: [USF-XSim-3] XSim::Elaborate design
INFO: [USF-XSim-61] Executing 'ELABORATE' step in 'D:/dev/FDU-2026spring/CS-2026spring/24300120183_麻珨茂_lab1-1/ALU_4bit/ALU_4bit.sim/sim_1/behav/xsim'
"xelab -wto 0d7e76587d76487cb4fed86bf01296cf --incr --debug typical --relax --mt 2 -L xil_defaultlib -L unisims_ver -L unimacro_ver -L secureip --snapshot test_add_sub_behav xil_defaultlib.test_add_sub xil_defaultlib.glbl -log elaborate.log"
Vivado Simulator 2020.2
Copyright 1986-1999, 2001-2020 Xilinx, Inc. All Rights Reserved.
Running: D:/Xilinx/Vivado/2020.2/bin/unwrapped/win64.o/xelab.exe -wto 0d7e76587d76487cb4fed86bf01296cf --incr --debug typical --relax --mt 2 -L xil_defaultlib -L unisims_ver -L unimacro_ver -L secureip --snapshot test_add_sub_behav xil_defaultlib.test_add_sub xil_defaultlib.glbl -log elaborate.log 
Using 2 slave threads.
Starting static elaboration
Pass Through NonSizing Optimizer
Completed static elaboration
Starting simulation data flow analysis
Completed simulation data flow analysis
Time Resolution for simulation is 1ps
Compiling module xil_defaultlib.adder_1bit
Compiling module xil_defaultlib.add_sub_4bit
Compiling module xil_defaultlib.test_add_sub
Compiling module xil_defaultlib.glbl
Built simulation snapshot test_add_sub_behav
INFO: [USF-XSim-69] 'elaborate' step finished in '3' seconds
INFO: [USF-XSim-4] XSim::Simulate design
INFO: [USF-XSim-61] Executing 'SIMULATE' step in 'D:/dev/FDU-2026spring/CS-2026spring/24300120183_麻珨茂_lab1-1/ALU_4bit/ALU_4bit.sim/sim_1/behav/xsim'
INFO: [USF-XSim-98] *** Running xsim
   with args "test_add_sub_behav -key {Behavioral:sim_1:Functional:test_add_sub} -tclbatch {test_add_sub.tcl} -log {simulate.log}"
INFO: [USF-XSim-8] Loading simulator feature
Vivado Simulator 2020.2
Time resolution is 1 ps
source test_add_sub.tcl
# set curr_wave [current_wave_config]
# if { [string length $curr_wave] == 0 } {
#   if { [llength [get_objects]] > 0} {
#     add_wave /
#     set_property needs_save false [current_wave_config]
#   } else {
#      send_msg_id Add_Wave-1 WARNING "No top level signals found. Simulator will start without a wave window. If you want to open a wave window go to 'File->New Waveform Configuration' or type 'create_wave_config' in the TCL console."
#   }
# }
# run 1000ns
Test 1:  5(0101) +  3(0011) =  8(1000), cout=0, overflow=1
Test 2:  5(0101) +  3(0011) =  2(0010), cout=1, overflow=0
=========================================
Test 3:  9(1001) +  7(0111) =  0(0000), cout=1, overflow=0
Test 4: 14(1110) + 15(1111) = 15(1111), cout=0, overflow=0
=========================================
Test 5:  4(0100) +  5(0101) =  9(1001), cout=0, overflow=1
Test 6: -5(1011) - 4(0100) =  7 (0111), cout=1, overflow=1
INFO: [USF-XSim-96] XSim completed. Design snapshot 'test_add_sub_behav' loaded.
INFO: [USF-XSim-97] XSim simulation ran for 1000ns
launch_simulation: Time (s): cpu = 00:00:03 ; elapsed = 00:00:07 . Memory (MB): peak = 1453.285 ; gain = 0.000
close_sim
INFO: [Simtcl 6-16] Simulation closed
launch_simulation
Command: launch_simulation 
INFO: [Vivado 12-5682] Launching behavioral simulation in 'D:/dev/FDU-2026spring/CS-2026spring/24300120183_麻珨茂_lab1-1/ALU_4bit/ALU_4bit.sim/sim_1/behav/xsim'
INFO: [SIM-utils-51] Simulation object is 'sim_1'
INFO: [SIM-utils-54] Inspecting design source files for 'test_add_sub' in fileset 'sim_1'...
INFO: [USF-XSim-97] Finding global include files...
INFO: [USF-XSim-98] Fetching design files from 'sim_1'...
INFO: [USF-XSim-2] XSim::Compile design
INFO: [USF-XSim-61] Executing 'COMPILE and ANALYZE' step in 'D:/dev/FDU-2026spring/CS-2026spring/24300120183_麻珨茂_lab1-1/ALU_4bit/ALU_4bit.sim/sim_1/behav/xsim'
"xvlog --incr --relax -prj test_add_sub_vlog.prj"
INFO: [VRFC 10-2263] Analyzing Verilog file "D:/dev/FDU-2026spring/CS-2026spring/24300120183_麻珨茂_lab1-1/ALU_4bit/ALU_4bit.srcs/sources_1/new/add_sub_4bit.v" into library xil_defaultlib
INFO: [VRFC 10-311] analyzing module add_sub_4bit
INFO: [VRFC 10-2263] Analyzing Verilog file "D:/dev/FDU-2026spring/CS-2026spring/24300120183_麻珨茂_lab1-1/ALU_4bit/ALU_4bit.srcs/sources_1/new/adder_1bit.v" into library xil_defaultlib
INFO: [VRFC 10-311] analyzing module adder_1bit
INFO: [VRFC 10-2263] Analyzing Verilog file "D:/dev/FDU-2026spring/CS-2026spring/24300120183_麻珨茂_lab1-1/ALU_4bit/ALU_4bit.srcs/sim_1/new/test_add_sub.v" into library xil_defaultlib
INFO: [VRFC 10-311] analyzing module test_add_sub
INFO: [USF-XSim-69] 'compile' step finished in '1' seconds
INFO: [USF-XSim-3] XSim::Elaborate design
INFO: [USF-XSim-61] Executing 'ELABORATE' step in 'D:/dev/FDU-2026spring/CS-2026spring/24300120183_麻珨茂_lab1-1/ALU_4bit/ALU_4bit.sim/sim_1/behav/xsim'
"xelab -wto 0d7e76587d76487cb4fed86bf01296cf --incr --debug typical --relax --mt 2 -L xil_defaultlib -L unisims_ver -L unimacro_ver -L secureip --snapshot test_add_sub_behav xil_defaultlib.test_add_sub xil_defaultlib.glbl -log elaborate.log"
Vivado Simulator 2020.2
Copyright 1986-1999, 2001-2020 Xilinx, Inc. All Rights Reserved.
Running: D:/Xilinx/Vivado/2020.2/bin/unwrapped/win64.o/xelab.exe -wto 0d7e76587d76487cb4fed86bf01296cf --incr --debug typical --relax --mt 2 -L xil_defaultlib -L unisims_ver -L unimacro_ver -L secureip --snapshot test_add_sub_behav xil_defaultlib.test_add_sub xil_defaultlib.glbl -log elaborate.log 
Using 2 slave threads.
Starting static elaboration
Pass Through NonSizing Optimizer
Completed static elaboration
Starting simulation data flow analysis
Completed simulation data flow analysis
Time Resolution for simulation is 1ps
Compiling module xil_defaultlib.adder_1bit
Compiling module xil_defaultlib.add_sub_4bit
Compiling module xil_defaultlib.test_add_sub
Compiling module xil_defaultlib.glbl
Built simulation snapshot test_add_sub_behav
INFO: [USF-XSim-69] 'elaborate' step finished in '2' seconds
INFO: [USF-XSim-4] XSim::Simulate design
INFO: [USF-XSim-61] Executing 'SIMULATE' step in 'D:/dev/FDU-2026spring/CS-2026spring/24300120183_麻珨茂_lab1-1/ALU_4bit/ALU_4bit.sim/sim_1/behav/xsim'
INFO: [USF-XSim-98] *** Running xsim
   with args "test_add_sub_behav -key {Behavioral:sim_1:Functional:test_add_sub} -tclbatch {test_add_sub.tcl} -log {simulate.log}"
INFO: [USF-XSim-8] Loading simulator feature
Vivado Simulator 2020.2
Time resolution is 1 ps
source test_add_sub.tcl
# set curr_wave [current_wave_config]
# if { [string length $curr_wave] == 0 } {
#   if { [llength [get_objects]] > 0} {
#     add_wave /
#     set_property needs_save false [current_wave_config]
#   } else {
#      send_msg_id Add_Wave-1 WARNING "No top level signals found. Simulator will start without a wave window. If you want to open a wave window go to 'File->New Waveform Configuration' or type 'create_wave_config' in the TCL console."
#   }
# }
# run 1000ns
Test 1:  5(0101) +  3(0011) =  8(1000), cout=0, overflow=1
Test 2:  5(0101) -  3(0011) =  2(0010), cout=1, overflow=0
=========================================
Test 3:  9(1001) +  7(0111) =  0(0000), cout=1, overflow=0
Test 4: 14(1110) - 15(1111) = 15(1111), cout=0, overflow=0
=========================================
Test 5:  4(0100) +  5(0101) =  9(1001), cout=0, overflow=1
Test 6: -5(1011) - 4(0100) =  7 (0111), cout=1, overflow=1
INFO: [USF-XSim-96] XSim completed. Design snapshot 'test_add_sub_behav' loaded.
INFO: [USF-XSim-97] XSim simulation ran for 1000ns
launch_simulation: Time (s): cpu = 00:00:06 ; elapsed = 00:00:09 . Memory (MB): peak = 1453.285 ; gain = 0.000
close_sim
INFO: [Simtcl 6-16] Simulation closed
close_project
open_project D:/dev/FDU-2026spring/CS-2026spring/24300120183_麻珨茂_lab1-2/Automaton/Automaton.xpr
Scanning sources...
Finished scanning sources
INFO: [IP_Flow 19-234] Refreshing IP repositories
INFO: [IP_Flow 19-1704] No user IP repositories specified
INFO: [IP_Flow 19-2313] Loaded Vivado IP repository 'D:/Xilinx/Vivado/2020.2/data/ip'.
update_compile_order -fileset sources_1
launch_simulation
Command: launch_simulation 
INFO: [Vivado 12-5682] Launching behavioral simulation in 'D:/dev/FDU-2026spring/CS-2026spring/24300120183_麻珨茂_lab1-2/Automaton/Automaton.sim/sim_1/behav/xsim'
INFO: [SIM-utils-51] Simulation object is 'sim_1'
INFO: [SIM-utils-54] Inspecting design source files for 'fsm_sim' in fileset 'sim_1'...
INFO: [USF-XSim-97] Finding global include files...
INFO: [USF-XSim-98] Fetching design files from 'sim_1'...
INFO: [USF-XSim-2] XSim::Compile design
INFO: [USF-XSim-61] Executing 'COMPILE and ANALYZE' step in 'D:/dev/FDU-2026spring/CS-2026spring/24300120183_麻珨茂_lab1-2/Automaton/Automaton.sim/sim_1/behav/xsim'
"xvlog --incr --relax -prj fsm_sim_vlog.prj"
INFO: [VRFC 10-2263] Analyzing Verilog file "D:/dev/FDU-2026spring/CS-2026spring/24300120183_麻珨茂_lab1-2/Automaton/Automaton.srcs/sources_1/new/fsm.v" into library xil_defaultlib
INFO: [VRFC 10-311] analyzing module fsm
INFO: [VRFC 10-2263] Analyzing Verilog file "D:/dev/FDU-2026spring/CS-2026spring/24300120183_麻珨茂_lab1-2/Automaton/Automaton.srcs/sim_1/new/fsm_sim.v" into library xil_defaultlib
INFO: [VRFC 10-311] analyzing module fsm_sim
INFO: [USF-XSim-69] 'compile' step finished in '2' seconds
INFO: [USF-XSim-3] XSim::Elaborate design
INFO: [USF-XSim-61] Executing 'ELABORATE' step in 'D:/dev/FDU-2026spring/CS-2026spring/24300120183_麻珨茂_lab1-2/Automaton/Automaton.sim/sim_1/behav/xsim'
"xelab -wto 4ce008694d224d5b8a6b42e80b0a3360 --incr --debug typical --relax --mt 2 -L xil_defaultlib -L unisims_ver -L unimacro_ver -L secureip --snapshot fsm_sim_behav xil_defaultlib.fsm_sim xil_defaultlib.glbl -log elaborate.log"
Vivado Simulator 2020.2
Copyright 1986-1999, 2001-2020 Xilinx, Inc. All Rights Reserved.
Running: D:/Xilinx/Vivado/2020.2/bin/unwrapped/win64.o/xelab.exe -wto 4ce008694d224d5b8a6b42e80b0a3360 --incr --debug typical --relax --mt 2 -L xil_defaultlib -L unisims_ver -L unimacro_ver -L secureip --snapshot fsm_sim_behav xil_defaultlib.fsm_sim xil_defaultlib.glbl -log elaborate.log 
Using 2 slave threads.
Starting static elaboration
Pass Through NonSizing Optimizer
Completed static elaboration
Starting simulation data flow analysis
Completed simulation data flow analysis
Time Resolution for simulation is 1ps
Compiling module xil_defaultlib.fsm
Compiling module xil_defaultlib.fsm_sim
Compiling module xil_defaultlib.glbl
Built simulation snapshot fsm_sim_behav

****** Webtalk v2020.2 (64-bit)
  **** SW Build 3064766 on Wed Nov 18 09:12:45 MST 2020
  **** IP Build 3064653 on Wed Nov 18 14:17:31 MST 2020
    ** Copyright 1986-2020 Xilinx, Inc. All Rights Reserved.

source D:/dev/FDU-2026spring/CS-2026spring/24300120183_麻珨茂_lab1-2/Automaton/Automaton.sim/sim_1/behav/xsim/xsim.dir/fsm_sim_behav/webtalk/xsim_webtalk.tcl -notrace
INFO: [Common 17-206] Exiting Webtalk at Tue Apr  7 19:34:00 2026...
run_program: Time (s): cpu = 00:00:01 ; elapsed = 00:00:07 . Memory (MB): peak = 1933.598 ; gain = 0.000
INFO: [USF-XSim-69] 'elaborate' step finished in '7' seconds
INFO: [USF-XSim-4] XSim::Simulate design
INFO: [USF-XSim-61] Executing 'SIMULATE' step in 'D:/dev/FDU-2026spring/CS-2026spring/24300120183_麻珨茂_lab1-2/Automaton/Automaton.sim/sim_1/behav/xsim'
INFO: [USF-XSim-98] *** Running xsim
   with args "fsm_sim_behav -key {Behavioral:sim_1:Functional:fsm_sim} -tclbatch {fsm_sim.tcl} -log {simulate.log}"
INFO: [USF-XSim-8] Loading simulator feature
Vivado Simulator 2020.2
INFO: [Common 17-41] Interrupt caught. Command should exit soon.
Time resolution is 1 ps
source fsm_sim.tcl
INFO: [Common 17-344] 'xsim' was cancelled
INFO: [Vivado 12-5357] 'simulate' step aborted
launch_simulation: Time (s): cpu = 00:00:03 ; elapsed = 00:00:12 . Memory (MB): peak = 1933.598 ; gain = 0.000
INFO: [Common 17-344] 'launch_simulation' was cancelled
close_sim
INFO: [Simtcl 6-16] Simulation closed
launch_simulation
Command: launch_simulation 
INFO: [Vivado 12-5682] Launching behavioral simulation in 'D:/dev/FDU-2026spring/CS-2026spring/24300120183_麻珨茂_lab1-2/Automaton/Automaton.sim/sim_1/behav/xsim'
INFO: [SIM-utils-51] Simulation object is 'sim_1'
INFO: [SIM-utils-54] Inspecting design source files for 'fsm_sim' in fileset 'sim_1'...
INFO: [USF-XSim-97] Finding global include files...
INFO: [USF-XSim-98] Fetching design files from 'sim_1'...
INFO: [USF-XSim-2] XSim::Compile design
INFO: [USF-XSim-61] Executing 'COMPILE and ANALYZE' step in 'D:/dev/FDU-2026spring/CS-2026spring/24300120183_麻珨茂_lab1-2/Automaton/Automaton.sim/sim_1/behav/xsim'
"xvlog --incr --relax -prj fsm_sim_vlog.prj"
INFO: [VRFC 10-2263] Analyzing Verilog file "D:/dev/FDU-2026spring/CS-2026spring/24300120183_麻珨茂_lab1-2/Automaton/Automaton.srcs/sources_1/new/fsm.v" into library xil_defaultlib
INFO: [VRFC 10-311] analyzing module fsm
INFO: [VRFC 10-2263] Analyzing Verilog file "D:/dev/FDU-2026spring/CS-2026spring/24300120183_麻珨茂_lab1-2/Automaton/Automaton.srcs/sim_1/new/fsm_sim.v" into library xil_defaultlib
INFO: [VRFC 10-311] analyzing module fsm_sim
INFO: [USF-XSim-69] 'compile' step finished in '2' seconds
INFO: [USF-XSim-3] XSim::Elaborate design
INFO: [USF-XSim-61] Executing 'ELABORATE' step in 'D:/dev/FDU-2026spring/CS-2026spring/24300120183_麻珨茂_lab1-2/Automaton/Automaton.sim/sim_1/behav/xsim'
"xelab -wto 4ce008694d224d5b8a6b42e80b0a3360 --incr --debug typical --relax --mt 2 -L xil_defaultlib -L unisims_ver -L unimacro_ver -L secureip --snapshot fsm_sim_behav xil_defaultlib.fsm_sim xil_defaultlib.glbl -log elaborate.log"
Vivado Simulator 2020.2
Copyright 1986-1999, 2001-2020 Xilinx, Inc. All Rights Reserved.
Running: D:/Xilinx/Vivado/2020.2/bin/unwrapped/win64.o/xelab.exe -wto 4ce008694d224d5b8a6b42e80b0a3360 --incr --debug typical --relax --mt 2 -L xil_defaultlib -L unisims_ver -L unimacro_ver -L secureip --snapshot fsm_sim_behav xil_defaultlib.fsm_sim xil_defaultlib.glbl -log elaborate.log 
Using 2 slave threads.
Starting static elaboration
Pass Through NonSizing Optimizer
Completed static elaboration
Starting simulation data flow analysis
Completed simulation data flow analysis
Time Resolution for simulation is 1ps
Compiling module xil_defaultlib.fsm
Compiling module xil_defaultlib.fsm_sim
Compiling module xil_defaultlib.glbl
Built simulation snapshot fsm_sim_behav
INFO: [USF-XSim-69] 'elaborate' step finished in '3' seconds
INFO: [USF-XSim-4] XSim::Simulate design
INFO: [USF-XSim-61] Executing 'SIMULATE' step in 'D:/dev/FDU-2026spring/CS-2026spring/24300120183_麻珨茂_lab1-2/Automaton/Automaton.sim/sim_1/behav/xsim'
INFO: [USF-XSim-98] *** Running xsim
   with args "fsm_sim_behav -key {Behavioral:sim_1:Functional:fsm_sim} -tclbatch {fsm_sim.tcl} -log {simulate.log}"
INFO: [USF-XSim-8] Loading simulator feature
Vivado Simulator 2020.2
Time resolution is 1 ps
source fsm_sim.tcl
# set curr_wave [current_wave_config]
# if { [string length $curr_wave] == 0 } {
#   if { [llength [get_objects]] > 0} {
#     add_wave /
#     set_property needs_save false [current_wave_config]
#   } else {
#      send_msg_id Add_Wave-1 WARNING "No top level signals found. Simulator will start without a wave window. If you want to open a wave window go to 'File->New Waveform Configuration' or type 'create_wave_config' in the TCL console."
#   }
# }
# run 1000ns
INFO: [USF-XSim-96] XSim completed. Design snapshot 'fsm_sim_behav' loaded.
INFO: [USF-XSim-97] XSim simulation ran for 1000ns
launch_simulation: Time (s): cpu = 00:00:03 ; elapsed = 00:00:07 . Memory (MB): peak = 1933.598 ; gain = 0.000
close_sim
INFO: [Simtcl 6-16] Simulation closed
close_project
exit
INFO: [Common 17-206] Exiting Vivado at Tue Apr  7 19:45:04 2026...
