
*** Running vivado
    with args -log top.vds -m64 -product Vivado -mode batch -messageDb vivado.pb -notrace -source top.tcl


****** Vivado v2019.2 (64-bit)
  **** SW Build 2708876 on Wed Nov  6 21:40:23 MST 2019
  **** IP Build 2700528 on Thu Nov  7 00:09:20 MST 2019
    ** Copyright 1986-2019 Xilinx, Inc. All Rights Reserved.

source top.tcl -notrace
Command: synth_design -top top -part xc7a100tcsg324-1
Starting synth_design
Attempting to get a license for feature 'Synthesis' and/or device 'xc7a100t'
INFO: [Common 17-349] Got license for feature 'Synthesis' and/or device 'xc7a100t'
INFO: [Device 21-403] Loading part xc7a100tcsg324-1
INFO: Launching helper process for spawning children vivado processes
INFO: Helper process launched with PID 19324 
WARNING: [Synth 8-2611] redeclaration of ansi port result is not allowed [C:/Users/24293/OneDrive/TA/Computer/Lab1-5/ALU/ALU.srcs/sources_1/imports/rtl/calculate.v:30]
---------------------------------------------------------------------------------
Starting RTL Elaboration : Time (s): cpu = 00:00:04 ; elapsed = 00:00:05 . Memory (MB): peak = 929.473 ; gain = 239.012
---------------------------------------------------------------------------------
INFO: [Synth 8-6157] synthesizing module 'top' [C:/Users/24293/OneDrive/TA/Computer/Lab1-5/ALU/ALU.srcs/sources_1/imports/rtl/top.v:23]
INFO: [Synth 8-6157] synthesizing module 'calculate' [C:/Users/24293/OneDrive/TA/Computer/Lab1-5/ALU/ALU.srcs/sources_1/imports/rtl/calculate.v:23]
INFO: [Synth 8-6155] done synthesizing module 'calculate' (1#1) [C:/Users/24293/OneDrive/TA/Computer/Lab1-5/ALU/ALU.srcs/sources_1/imports/rtl/calculate.v:23]
INFO: [Synth 8-6157] synthesizing module 'display' [C:/Users/24293/OneDrive/TA/Computer/Lab1-5/ALU/ALU.srcs/sources_1/imports/rtl/display.v:22]
WARNING: [Synth 8-151] case item 32'b00000000000000000000000000000100 is unreachable [C:/Users/24293/OneDrive/TA/Computer/Lab1-5/ALU/ALU.srcs/sources_1/imports/rtl/display.v:58]
INFO: [Synth 8-6157] synthesizing module 'seg7' [C:/Users/24293/OneDrive/TA/Computer/Lab1-5/ALU/ALU.srcs/sources_1/imports/rtl/seg7.v:22]
INFO: [Synth 8-226] default block is never used [C:/Users/24293/OneDrive/TA/Computer/Lab1-5/ALU/ALU.srcs/sources_1/imports/rtl/seg7.v:28]
INFO: [Synth 8-6155] done synthesizing module 'seg7' (2#1) [C:/Users/24293/OneDrive/TA/Computer/Lab1-5/ALU/ALU.srcs/sources_1/imports/rtl/seg7.v:22]
WARNING: [Synth 8-689] width (5) of port connection 'din' does not match port width (4) of module 'seg7' [C:/Users/24293/OneDrive/TA/Computer/Lab1-5/ALU/ALU.srcs/sources_1/imports/rtl/display.v:63]
INFO: [Synth 8-6155] done synthesizing module 'display' (3#1) [C:/Users/24293/OneDrive/TA/Computer/Lab1-5/ALU/ALU.srcs/sources_1/imports/rtl/display.v:22]
INFO: [Synth 8-6155] done synthesizing module 'top' (4#1) [C:/Users/24293/OneDrive/TA/Computer/Lab1-5/ALU/ALU.srcs/sources_1/imports/rtl/top.v:23]
WARNING: [Synth 8-3331] design display has unconnected port s[31]
WARNING: [Synth 8-3331] design display has unconnected port s[30]
WARNING: [Synth 8-3331] design display has unconnected port s[29]
WARNING: [Synth 8-3331] design display has unconnected port s[28]
WARNING: [Synth 8-3331] design display has unconnected port s[27]
WARNING: [Synth 8-3331] design display has unconnected port s[26]
WARNING: [Synth 8-3331] design display has unconnected port s[25]
WARNING: [Synth 8-3331] design display has unconnected port s[24]
WARNING: [Synth 8-3331] design display has unconnected port s[23]
WARNING: [Synth 8-3331] design display has unconnected port s[22]
WARNING: [Synth 8-3331] design display has unconnected port s[21]
WARNING: [Synth 8-3331] design display has unconnected port s[20]
WARNING: [Synth 8-3331] design display has unconnected port s[19]
WARNING: [Synth 8-3331] design display has unconnected port s[18]
WARNING: [Synth 8-3331] design display has unconnected port s[17]
WARNING: [Synth 8-3331] design display has unconnected port s[16]
---------------------------------------------------------------------------------
Finished RTL Elaboration : Time (s): cpu = 00:00:05 ; elapsed = 00:00:06 . Memory (MB): peak = 975.855 ; gain = 285.395
---------------------------------------------------------------------------------

Report Check Netlist: 
+------+------------------+-------+---------+-------+------------------+
|      |Item              |Errors |Warnings |Status |Description       |
+------+------------------+-------+---------+-------+------------------+
|1     |multi_driven_nets |      0|        0|Passed |Multi driven nets |
+------+------------------+-------+---------+-------+------------------+
---------------------------------------------------------------------------------
Start Handling Custom Attributes
---------------------------------------------------------------------------------
---------------------------------------------------------------------------------
Finished Handling Custom Attributes : Time (s): cpu = 00:00:05 ; elapsed = 00:00:06 . Memory (MB): peak = 975.855 ; gain = 285.395
---------------------------------------------------------------------------------
---------------------------------------------------------------------------------
Finished RTL Optimization Phase 1 : Time (s): cpu = 00:00:05 ; elapsed = 00:00:06 . Memory (MB): peak = 975.855 ; gain = 285.395
---------------------------------------------------------------------------------
Netlist sorting complete. Time (s): cpu = 00:00:00 ; elapsed = 00:00:00.003 . Memory (MB): peak = 975.855 ; gain = 0.000
INFO: [Project 1-570] Preparing netlist for logic optimization

Processing XDC Constraints
Initializing timing engine
Parsing XDC File [C:/Users/24293/OneDrive/TA/Computer/Lab1-5/ALU/ALU.srcs/constrs_1/imports/constr/ALU.xdc]
Finished Parsing XDC File [C:/Users/24293/OneDrive/TA/Computer/Lab1-5/ALU/ALU.srcs/constrs_1/imports/constr/ALU.xdc]
INFO: [Project 1-236] Implementation specific constraints were found while reading constraint file [C:/Users/24293/OneDrive/TA/Computer/Lab1-5/ALU/ALU.srcs/constrs_1/imports/constr/ALU.xdc]. These constraints will be ignored for synthesis but will be used in implementation. Impacted constraints are listed in the file [.Xil/top_propImpl.xdc].
Resolution: To avoid this warning, move constraints listed in [.Xil/top_propImpl.xdc] to another XDC file and exclude this new file from synthesis with the used_in_synthesis property (File Properties dialog in GUI) and re-run elaboration/synthesis.
Completed Processing XDC Constraints

Netlist sorting complete. Time (s): cpu = 00:00:00 ; elapsed = 00:00:00 . Memory (MB): peak = 1083.258 ; gain = 0.000
INFO: [Project 1-111] Unisim Transformation Summary:
No Unisim elements were transformed.

Constraint Validation Runtime : Time (s): cpu = 00:00:00 ; elapsed = 00:00:00.002 . Memory (MB): peak = 1083.258 ; gain = 0.000
---------------------------------------------------------------------------------
Finished Constraint Validation : Time (s): cpu = 00:00:12 ; elapsed = 00:00:13 . Memory (MB): peak = 1083.258 ; gain = 392.797
---------------------------------------------------------------------------------
---------------------------------------------------------------------------------
Start Loading Part and Timing Information
---------------------------------------------------------------------------------
Loading part: xc7a100tcsg324-1
---------------------------------------------------------------------------------
Finished Loading Part and Timing Information : Time (s): cpu = 00:00:12 ; elapsed = 00:00:13 . Memory (MB): peak = 1083.258 ; gain = 392.797
---------------------------------------------------------------------------------
---------------------------------------------------------------------------------
Start Applying 'set_property' XDC Constraints
---------------------------------------------------------------------------------
---------------------------------------------------------------------------------
Finished applying 'set_property' XDC Constraints : Time (s): cpu = 00:00:12 ; elapsed = 00:00:13 . Memory (MB): peak = 1083.258 ; gain = 392.797
---------------------------------------------------------------------------------
WARNING: [Synth 8-327] inferring latch for variable 'result_reg' [C:/Users/24293/OneDrive/TA/Computer/Lab1-5/ALU/ALU.srcs/sources_1/imports/rtl/calculate.v:36]
---------------------------------------------------------------------------------
Finished RTL Optimization Phase 2 : Time (s): cpu = 00:00:12 ; elapsed = 00:00:13 . Memory (MB): peak = 1083.258 ; gain = 392.797
---------------------------------------------------------------------------------

Report RTL Partitions: 
+-+--------------+------------+----------+
| |RTL Partition |Replication |Instances |
+-+--------------+------------+----------+
+-+--------------+------------+----------+
---------------------------------------------------------------------------------
Start RTL Component Statistics 
---------------------------------------------------------------------------------
Detailed RTL Component Info : 
+---Adders : 
	   2 Input     32 Bit       Adders := 1     
	   2 Input     15 Bit       Adders := 1     
+---Registers : 
	                8 Bit    Registers := 1     
	                4 Bit    Registers := 1     
+---Muxes : 
	   4 Input      8 Bit        Muxes := 1     
	   4 Input      4 Bit        Muxes := 1     
	   7 Input      1 Bit        Muxes := 1     
---------------------------------------------------------------------------------
Finished RTL Component Statistics 
---------------------------------------------------------------------------------
---------------------------------------------------------------------------------
Start RTL Hierarchical Component Statistics 
---------------------------------------------------------------------------------
Hierarchical RTL Component report 
Module calculate 
Detailed RTL Component Info : 
+---Adders : 
	   2 Input     32 Bit       Adders := 1     
	   2 Input     15 Bit       Adders := 1     
+---Muxes : 
	   7 Input      1 Bit        Muxes := 1     
Module display 
Detailed RTL Component Info : 
+---Registers : 
	                8 Bit    Registers := 1     
	                4 Bit    Registers := 1     
+---Muxes : 
	   4 Input      8 Bit        Muxes := 1     
	   4 Input      4 Bit        Muxes := 1     
---------------------------------------------------------------------------------
Finished RTL Hierarchical Component Statistics
---------------------------------------------------------------------------------
---------------------------------------------------------------------------------
Start Part Resource Summary
---------------------------------------------------------------------------------
Part Resources:
DSPs: 240 (col length:80)
BRAMs: 270 (col length: RAMB18 80 RAMB36 40)
---------------------------------------------------------------------------------
Finished Part Resource Summary
---------------------------------------------------------------------------------
---------------------------------------------------------------------------------
Start Cross Boundary and Area Optimization
---------------------------------------------------------------------------------
Warning: Parallel synthesis criteria is not met 
INFO: [Synth 8-3886] merging instance 'U1/result_reg[9]' (LD) to 'U1/result_reg[10]'
INFO: [Synth 8-3886] merging instance 'U1/result_reg[14]' (LD) to 'U1/result_reg[15]'
INFO: [Synth 8-3886] merging instance 'U2/ans_reg[4]' (FD) to 'U2/ans_reg[5]'
INFO: [Synth 8-3886] merging instance 'U2/ans_reg[5]' (FD) to 'U2/ans_reg[6]'
INFO: [Synth 8-3886] merging instance 'U2/ans_reg[6]' (FD) to 'U2/ans_reg[7]'
INFO: [Synth 8-3333] propagating constant 1 across sequential element (\U2/ans_reg[7] )
WARNING: [Synth 8-3332] Sequential element (U1/result_reg[31]) is unused and will be removed from module top.
WARNING: [Synth 8-3332] Sequential element (U1/result_reg[30]) is unused and will be removed from module top.
WARNING: [Synth 8-3332] Sequential element (U1/result_reg[29]) is unused and will be removed from module top.
WARNING: [Synth 8-3332] Sequential element (U1/result_reg[28]) is unused and will be removed from module top.
WARNING: [Synth 8-3332] Sequential element (U1/result_reg[27]) is unused and will be removed from module top.
WARNING: [Synth 8-3332] Sequential element (U1/result_reg[26]) is unused and will be removed from module top.
WARNING: [Synth 8-3332] Sequential element (U1/result_reg[25]) is unused and will be removed from module top.
WARNING: [Synth 8-3332] Sequential element (U1/result_reg[24]) is unused and will be removed from module top.
WARNING: [Synth 8-3332] Sequential element (U1/result_reg[23]) is unused and will be removed from module top.
WARNING: [Synth 8-3332] Sequential element (U1/result_reg[22]) is unused and will be removed from module top.
WARNING: [Synth 8-3332] Sequential element (U1/result_reg[21]) is unused and will be removed from module top.
WARNING: [Synth 8-3332] Sequential element (U1/result_reg[20]) is unused and will be removed from module top.
WARNING: [Synth 8-3332] Sequential element (U1/result_reg[19]) is unused and will be removed from module top.
WARNING: [Synth 8-3332] Sequential element (U1/result_reg[18]) is unused and will be removed from module top.
WARNING: [Synth 8-3332] Sequential element (U1/result_reg[17]) is unused and will be removed from module top.
WARNING: [Synth 8-3332] Sequential element (U1/result_reg[16]) is unused and will be removed from module top.
---------------------------------------------------------------------------------
Finished Cross Boundary and Area Optimization : Time (s): cpu = 00:00:13 ; elapsed = 00:00:15 . Memory (MB): peak = 1083.258 ; gain = 392.797
---------------------------------------------------------------------------------

Report RTL Partitions: 
+-+--------------+------------+----------+
| |RTL Partition |Replication |Instances |
+-+--------------+------------+----------+
+-+--------------+------------+----------+
---------------------------------------------------------------------------------
Start Applying XDC Timing Constraints
---------------------------------------------------------------------------------
---------------------------------------------------------------------------------
Finished Applying XDC Timing Constraints : Time (s): cpu = 00:00:21 ; elapsed = 00:00:22 . Memory (MB): peak = 1083.258 ; gain = 392.797
---------------------------------------------------------------------------------
---------------------------------------------------------------------------------
Start Timing Optimization
---------------------------------------------------------------------------------
---------------------------------------------------------------------------------
Finished Timing Optimization : Time (s): cpu = 00:00:21 ; elapsed = 00:00:22 . Memory (MB): peak = 1083.258 ; gain = 392.797
---------------------------------------------------------------------------------

Report RTL Partitions: 
+-+--------------+------------+----------+
| |RTL Partition |Replication |Instances |
+-+--------------+------------+----------+
+-+--------------+------------+----------+
---------------------------------------------------------------------------------
Start Technology Mapping
---------------------------------------------------------------------------------
INFO: [Synth 8-3886] merging instance 'U1/result_reg[13]' (LD) to 'U1/result_reg[15]'
---------------------------------------------------------------------------------
Finished Technology Mapping : Time (s): cpu = 00:00:21 ; elapsed = 00:00:22 . Memory (MB): peak = 1083.711 ; gain = 393.250
---------------------------------------------------------------------------------

Report RTL Partitions: 
+-+--------------+------------+----------+
| |RTL Partition |Replication |Instances |
+-+--------------+------------+----------+
+-+--------------+------------+----------+
---------------------------------------------------------------------------------
Start IO Insertion
---------------------------------------------------------------------------------
---------------------------------------------------------------------------------
Start Flattening Before IO Insertion
---------------------------------------------------------------------------------
---------------------------------------------------------------------------------
Finished Flattening Before IO Insertion
---------------------------------------------------------------------------------
---------------------------------------------------------------------------------
Start Final Netlist Cleanup
---------------------------------------------------------------------------------
---------------------------------------------------------------------------------
Finished Final Netlist Cleanup
---------------------------------------------------------------------------------
---------------------------------------------------------------------------------
Finished IO Insertion : Time (s): cpu = 00:00:24 ; elapsed = 00:00:26 . Memory (MB): peak = 1099.535 ; gain = 409.074
---------------------------------------------------------------------------------
---------------------------------------------------------------------------------
Start Renaming Generated Instances
---------------------------------------------------------------------------------
---------------------------------------------------------------------------------
Finished Renaming Generated Instances : Time (s): cpu = 00:00:24 ; elapsed = 00:00:26 . Memory (MB): peak = 1099.535 ; gain = 409.074
---------------------------------------------------------------------------------

Report RTL Partitions: 
+-+--------------+------------+----------+
| |RTL Partition |Replication |Instances |
+-+--------------+------------+----------+
+-+--------------+------------+----------+

Report Check Netlist: 
+------+------------------+-------+---------+-------+------------------+
|      |Item              |Errors |Warnings |Status |Description       |
+------+------------------+-------+---------+-------+------------------+
|1     |multi_driven_nets |      0|        0|Passed |Multi driven nets |
+------+------------------+-------+---------+-------+------------------+
---------------------------------------------------------------------------------
Start Rebuilding User Hierarchy
---------------------------------------------------------------------------------
---------------------------------------------------------------------------------
Finished Rebuilding User Hierarchy : Time (s): cpu = 00:00:24 ; elapsed = 00:00:26 . Memory (MB): peak = 1099.535 ; gain = 409.074
---------------------------------------------------------------------------------
---------------------------------------------------------------------------------
Start Renaming Generated Ports
---------------------------------------------------------------------------------
---------------------------------------------------------------------------------
Finished Renaming Generated Ports : Time (s): cpu = 00:00:24 ; elapsed = 00:00:26 . Memory (MB): peak = 1099.535 ; gain = 409.074
---------------------------------------------------------------------------------
---------------------------------------------------------------------------------
Start Handling Custom Attributes
---------------------------------------------------------------------------------
---------------------------------------------------------------------------------
Finished Handling Custom Attributes : Time (s): cpu = 00:00:24 ; elapsed = 00:00:26 . Memory (MB): peak = 1099.535 ; gain = 409.074
---------------------------------------------------------------------------------
---------------------------------------------------------------------------------
Start Renaming Generated Nets
---------------------------------------------------------------------------------
---------------------------------------------------------------------------------
Finished Renaming Generated Nets : Time (s): cpu = 00:00:24 ; elapsed = 00:00:26 . Memory (MB): peak = 1099.535 ; gain = 409.074
---------------------------------------------------------------------------------
---------------------------------------------------------------------------------
Start Writing Synthesis Report
---------------------------------------------------------------------------------

Report BlackBoxes: 
+-+--------------+----------+
| |BlackBox name |Instances |
+-+--------------+----------+
+-+--------------+----------+

Report Cell Usage: 
+------+-------+------+
|      |Cell   |Count |
+------+-------+------+
|1     |BUFG   |     1|
|2     |CARRY4 |     6|
|3     |LUT1   |     1|
|4     |LUT2   |     7|
|5     |LUT3   |     1|
|6     |LUT4   |     8|
|7     |LUT5   |     8|
|8     |LUT6   |    15|
|9     |FDCE   |    20|
|10    |FDPE   |     1|
|11    |FDRE   |     8|
|12    |LD     |    13|
|13    |IBUF   |    13|
|14    |OBUF   |    15|
+------+-------+------+

Report Instance Areas: 
+------+---------+----------+------+
|      |Instance |Module    |Cells |
+------+---------+----------+------+
|1     |top      |          |   117|
|2     |  U1     |calculate |    37|
|3     |  U2     |display   |    51|
|4     |    U4   |seg7      |     7|
+------+---------+----------+------+
---------------------------------------------------------------------------------
Finished Writing Synthesis Report : Time (s): cpu = 00:00:24 ; elapsed = 00:00:26 . Memory (MB): peak = 1099.535 ; gain = 409.074
---------------------------------------------------------------------------------
Synthesis finished with 0 errors, 0 critical warnings and 17 warnings.
Synthesis Optimization Runtime : Time (s): cpu = 00:00:17 ; elapsed = 00:00:24 . Memory (MB): peak = 1099.535 ; gain = 301.672
Synthesis Optimization Complete : Time (s): cpu = 00:00:25 ; elapsed = 00:00:26 . Memory (MB): peak = 1099.535 ; gain = 409.074
INFO: [Project 1-571] Translating synthesized netlist
Netlist sorting complete. Time (s): cpu = 00:00:00 ; elapsed = 00:00:00.001 . Memory (MB): peak = 1110.586 ; gain = 0.000
INFO: [Netlist 29-17] Analyzing 19 Unisim elements for replacement
INFO: [Netlist 29-28] Unisim Transformation completed in 0 CPU seconds
INFO: [Project 1-570] Preparing netlist for logic optimization
INFO: [Opt 31-138] Pushed 0 inverter(s) to 0 load pin(s).
Netlist sorting complete. Time (s): cpu = 00:00:00 ; elapsed = 00:00:00.001 . Memory (MB): peak = 1117.434 ; gain = 0.000
INFO: [Project 1-111] Unisim Transformation Summary:
  A total of 13 instances were transformed.
  LD => LDCE: 13 instances

INFO: [Common 17-83] Releasing license: Synthesis
28 Infos, 36 Warnings, 0 Critical Warnings and 0 Errors encountered.
synth_design completed successfully
synth_design: Time (s): cpu = 00:00:30 ; elapsed = 00:00:33 . Memory (MB): peak = 1117.434 ; gain = 735.582
Netlist sorting complete. Time (s): cpu = 00:00:00 ; elapsed = 00:00:00 . Memory (MB): peak = 1117.434 ; gain = 0.000
WARNING: [Constraints 18-5210] No constraints selected for write.
Resolution: This message can indicate that there are no constraints for the design, or it can indicate that the used_in flags are set such that the constraints are ignored. This later case is used when running synth_design to not write synthesis constraints to the resulting checkpoint. Instead, project constraints are read when the synthesized design is opened.
INFO: [Common 17-1381] The checkpoint 'C:/Users/24293/OneDrive/TA/Computer/Lab1-5/ALU/ALU.runs/synth_2/top.dcp' has been generated.
INFO: [runtcl-4] Executing : report_utilization -file top_utilization_synth.rpt -pb top_utilization_synth.pb
INFO: [Common 17-206] Exiting Vivado at Tue Mar 18 19:41:42 2025...
